{"C:\\Users\\USUARIO\\Desktop\\proyecto\\deport-back\\src\\app.controller.ts": {"path":"C:\\Users\\USUARIO\\Desktop\\proyecto\\deport-back\\src\\app.controller.ts","statementMap":{"0":{"start":{"line":1,"column":0},"end":{"line":1,"column":49}},"1":{"start":{"line":2,"column":0},"end":{"line":2,"column":43}},"2":{"start":{"line":5,"column":7},"end":{"line":12,"column":null}},"3":{"start":{"line":6,"column":31},"end":{"line":6,"column":43}},"4":{"start":{"line":10,"column":4},"end":{"line":10,"column":38}},"5":{"start":{"line":5,"column":13},"end":{"line":5,"column":26}},"6":{"start":{"line":9,"column":2},"end":{"line":11,"column":null}},"7":{"start":{"line":5,"column":13},"end":{"line":12,"column":null}}},"fnMap":{"0":{"name":"(anonymous_2)","decl":{"start":{"line":6,"column":2},"end":{"line":6,"column":31}},"loc":{"start":{"line":6,"column":53},"end":{"line":6,"column":57}}},"1":{"name":"(anonymous_3)","decl":{"start":{"line":9,"column":2},"end":{"line":9,"column":10}},"loc":{"start":{"line":9,"column":10},"end":{"line":11,"column":3}}}},"branchMap":{"0":{"loc":{"start":{"line":6,"column":43},"end":{"line":6,"column":56}},"type":"cond-expr","locations":[{"start":{"line":6,"column":53},"end":{"line":6,"column":56}},{"start":{"line":6,"column":53},"end":{"line":6,"column":56}}]},"1":{"loc":{"start":{"line":6,"column":43},"end":{"line":6,"column":53}},"type":"binary-expr","locations":[{"start":{"line":6,"column":43},"end":{"line":6,"column":56}},{"start":{"line":6,"column":43},"end":{"line":6,"column":53}}]}},"s":{"0":2,"1":2,"2":2,"3":2,"4":1,"5":2,"6":2,"7":2},"f":{"0":2,"1":1},"b":{"0":[2,0],"1":[2,2]}}
,"C:\\Users\\USUARIO\\Desktop\\proyecto\\deport-back\\src\\app.service.ts": {"path":"C:\\Users\\USUARIO\\Desktop\\proyecto\\deport-back\\src\\app.service.ts","statementMap":{"0":{"start":{"line":1,"column":0},"end":{"line":1,"column":44}},"1":{"start":{"line":4,"column":7},"end":{"line":8,"column":null}},"2":{"start":{"line":6,"column":4},"end":{"line":6,"column":26}},"3":{"start":{"line":4,"column":13},"end":{"line":4,"column":23}},"4":{"start":{"line":4,"column":13},"end":{"line":8,"column":null}}},"fnMap":{"0":{"name":"(anonymous_1)","decl":{"start":{"line":5,"column":2},"end":{"line":5,"column":10}},"loc":{"start":{"line":5,"column":10},"end":{"line":7,"column":3}}}},"branchMap":{},"s":{"0":2,"1":2,"2":1,"3":2,"4":2},"f":{"0":1},"b":{}}
,"C:\\Users\\USUARIO\\Desktop\\proyecto\\deport-back\\src\\deportistas\\controllers\\deportistas.controller.ts": {"path":"C:\\Users\\USUARIO\\Desktop\\proyecto\\deport-back\\src\\deportistas\\controllers\\deportistas.controller.ts","statementMap":{"0":{"start":{"line":1,"column":0},"end":{"line":1,"column":null}},"1":{"start":{"line":12,"column":0},"end":{"line":12,"column":69}},"2":{"start":{"line":13,"column":0},"end":{"line":13,"column":67}},"3":{"start":{"line":14,"column":0},"end":{"line":14,"column":90}},"4":{"start":{"line":15,"column":0},"end":{"line":15,"column":75}},"5":{"start":{"line":16,"column":0},"end":{"line":16,"column":69}},"6":{"start":{"line":19,"column":7},"end":{"line":62,"column":null}},"7":{"start":{"line":20,"column":31},"end":{"line":20,"column":51}},"8":{"start":{"line":24,"column":4},"end":{"line":24,"column":63}},"9":{"start":{"line":32,"column":4},"end":{"line":32,"column":57}},"10":{"start":{"line":37,"column":4},"end":{"line":37,"column":55}},"11":{"start":{"line":42,"column":4},"end":{"line":42,"column":51}},"12":{"start":{"line":47,"column":4},"end":{"line":47,"column":55}},"13":{"start":{"line":55,"column":4},"end":{"line":55,"column":62}},"14":{"start":{"line":60,"column":4},"end":{"line":60,"column":48}},"15":{"start":{"line":19,"column":13},"end":{"line":19,"column":34}},"16":{"start":{"line":23,"column":2},"end":{"line":25,"column":null}},"17":{"start":{"line":28,"column":2},"end":{"line":33,"column":null}},"18":{"start":{"line":36,"column":2},"end":{"line":38,"column":null}},"19":{"start":{"line":41,"column":2},"end":{"line":43,"column":null}},"20":{"start":{"line":46,"column":2},"end":{"line":48,"column":null}},"21":{"start":{"line":51,"column":2},"end":{"line":56,"column":null}},"22":{"start":{"line":59,"column":2},"end":{"line":61,"column":null}},"23":{"start":{"line":19,"column":13},"end":{"line":62,"column":null}}},"fnMap":{"0":{"name":"(anonymous_4)","decl":{"start":{"line":20,"column":2},"end":{"line":20,"column":31}},"loc":{"start":{"line":20,"column":69},"end":{"line":20,"column":73}}},"1":{"name":"(anonymous_5)","decl":{"start":{"line":23,"column":2},"end":{"line":23,"column":17}},"loc":{"start":{"line":23,"column":66},"end":{"line":25,"column":3}}},"2":{"name":"(anonymous_6)","decl":{"start":{"line":28,"column":2},"end":{"line":28,"column":19}},"loc":{"start":{"line":30,"column":34},"end":{"line":33,"column":3}}},"3":{"name":"(anonymous_7)","decl":{"start":{"line":36,"column":2},"end":{"line":36,"column":16}},"loc":{"start":{"line":36,"column":50},"end":{"line":38,"column":3}}},"4":{"name":"(anonymous_8)","decl":{"start":{"line":41,"column":2},"end":{"line":41,"column":13}},"loc":{"start":{"line":41,"column":37},"end":{"line":43,"column":3}}},"5":{"name":"(anonymous_9)","decl":{"start":{"line":46,"column":2},"end":{"line":46,"column":12}},"loc":{"start":{"line":46,"column":74},"end":{"line":48,"column":3}}},"6":{"name":"(anonymous_10)","decl":{"start":{"line":51,"column":2},"end":{"line":51,"column":19}},"loc":{"start":{"line":53,"column":47},"end":{"line":56,"column":3}}},"7":{"name":"(anonymous_11)","decl":{"start":{"line":59,"column":2},"end":{"line":59,"column":10}},"loc":{"start":{"line":59,"column":34},"end":{"line":61,"column":3}}}},"branchMap":{"0":{"loc":{"start":{"line":23,"column":47},"end":{"line":23,"column":null}},"type":"cond-expr","locations":[{"start":{"line":23,"column":66},"end":{"line":23,"column":null}},{"start":{"line":23,"column":66},"end":{"line":23,"column":null}}]},"1":{"loc":{"start":{"line":23,"column":47},"end":{"line":23,"column":66}},"type":"binary-expr","locations":[{"start":{"line":23,"column":47},"end":{"line":23,"column":null}},{"start":{"line":23,"column":47},"end":{"line":23,"column":66}}]},"2":{"loc":{"start":{"line":36,"column":30},"end":{"line":36,"column":null}},"type":"cond-expr","locations":[{"start":{"line":36,"column":50},"end":{"line":36,"column":null}},{"start":{"line":36,"column":50},"end":{"line":36,"column":null}}]},"3":{"loc":{"start":{"line":36,"column":30},"end":{"line":36,"column":50}},"type":"binary-expr","locations":[{"start":{"line":36,"column":30},"end":{"line":36,"column":null}},{"start":{"line":36,"column":30},"end":{"line":36,"column":50}}]},"4":{"loc":{"start":{"line":46,"column":51},"end":{"line":46,"column":null}},"type":"cond-expr","locations":[{"start":{"line":46,"column":74},"end":{"line":46,"column":null}},{"start":{"line":46,"column":74},"end":{"line":46,"column":null}}]},"5":{"loc":{"start":{"line":46,"column":51},"end":{"line":46,"column":74}},"type":"binary-expr","locations":[{"start":{"line":46,"column":51},"end":{"line":46,"column":null}},{"start":{"line":46,"column":51},"end":{"line":46,"column":74}}]},"6":{"loc":{"start":{"line":53,"column":17},"end":{"line":53,"column":null}},"type":"cond-expr","locations":[{"start":{"line":53,"column":47},"end":{"line":53,"column":null}},{"start":{"line":53,"column":47},"end":{"line":53,"column":null}}]},"7":{"loc":{"start":{"line":53,"column":17},"end":{"line":53,"column":47}},"type":"binary-expr","locations":[{"start":{"line":53,"column":17},"end":{"line":53,"column":null}},{"start":{"line":53,"column":17},"end":{"line":53,"column":47}}]},"8":{"loc":{"start":{"line":20,"column":51},"end":{"line":20,"column":72}},"type":"cond-expr","locations":[{"start":{"line":20,"column":69},"end":{"line":20,"column":72}},{"start":{"line":20,"column":69},"end":{"line":20,"column":72}}]},"9":{"loc":{"start":{"line":20,"column":51},"end":{"line":20,"column":69}},"type":"binary-expr","locations":[{"start":{"line":20,"column":51},"end":{"line":20,"column":72}},{"start":{"line":20,"column":51},"end":{"line":20,"column":69}}]}},"s":{"0":2,"1":2,"2":2,"3":2,"4":2,"5":2,"6":2,"7":2,"8":4,"9":1,"10":1,"11":2,"12":1,"13":1,"14":1,"15":2,"16":2,"17":2,"18":2,"19":2,"20":2,"21":2,"22":2,"23":2},"f":{"0":2,"1":4,"2":1,"3":1,"4":2,"5":1,"6":1,"7":1},"b":{"0":[2,0],"1":[2,2],"2":[2,0],"3":[2,2],"4":[2,0],"5":[2,2],"6":[2,0],"7":[2,2],"8":[2,0],"9":[2,2]}}
,"C:\\Users\\USUARIO\\Desktop\\proyecto\\deport-back\\src\\deportistas\\dto\\actualizar-parcial-deportista.dto.ts": {"path":"C:\\Users\\USUARIO\\Desktop\\proyecto\\deport-back\\src\\deportistas\\dto\\actualizar-parcial-deportista.dto.ts","statementMap":{"0":{"start":{"line":1,"column":0},"end":{"line":1,"column":46}},"1":{"start":{"line":2,"column":0},"end":{"line":2,"column":70}},"2":{"start":{"line":4,"column":0},"end":{"line":4,"column":13}}},"fnMap":{},"branchMap":{},"s":{"0":2,"1":2,"2":2},"f":{},"b":{}}
,"C:\\Users\\USUARIO\\Desktop\\proyecto\\deport-back\\src\\deportistas\\dto\\buscar-deportistas.dto.ts": {"path":"C:\\Users\\USUARIO\\Desktop\\proyecto\\deport-back\\src\\deportistas\\dto\\buscar-deportistas.dto.ts","statementMap":{"0":{"start":{"line":1,"column":0},"end":{"line":1,"column":55}},"1":{"start":{"line":3,"column":0},"end":{"line":3,"column":13}},"2":{"start":{"line":6,"column":2},"end":{"line":6,"column":null}},"3":{"start":{"line":10,"column":2},"end":{"line":10,"column":null}}},"fnMap":{},"branchMap":{},"s":{"0":2,"1":2,"2":2,"3":2},"f":{},"b":{}}
,"C:\\Users\\USUARIO\\Desktop\\proyecto\\deport-back\\src\\deportistas\\dto\\create-deportista.dto.ts": {"path":"C:\\Users\\USUARIO\\Desktop\\proyecto\\deport-back\\src\\deportistas\\dto\\create-deportista.dto.ts","statementMap":{"0":{"start":{"line":1,"column":0},"end":{"line":1,"column":65}},"1":{"start":{"line":3,"column":0},"end":{"line":3,"column":13}},"2":{"start":{"line":6,"column":2},"end":{"line":6,"column":null}},"3":{"start":{"line":9,"column":2},"end":{"line":9,"column":null}}},"fnMap":{},"branchMap":{},"s":{"0":2,"1":2,"2":2,"3":2},"f":{},"b":{}}
,"C:\\Users\\USUARIO\\Desktop\\proyecto\\deport-back\\src\\deportistas\\dto\\reemplazar-deportista.dto.ts": {"path":"C:\\Users\\USUARIO\\Desktop\\proyecto\\deport-back\\src\\deportistas\\dto\\reemplazar-deportista.dto.ts","statementMap":{"0":{"start":{"line":1,"column":0},"end":{"line":1,"column":65}},"1":{"start":{"line":3,"column":0},"end":{"line":3,"column":13}},"2":{"start":{"line":6,"column":2},"end":{"line":6,"column":null}},"3":{"start":{"line":9,"column":2},"end":{"line":9,"column":null}}},"fnMap":{},"branchMap":{},"s":{"0":2,"1":2,"2":2,"3":2},"f":{},"b":{}}
,"C:\\Users\\USUARIO\\Desktop\\proyecto\\deport-back\\src\\deportistas\\dto\\update-deportista.dto.ts": {"path":"C:\\Users\\USUARIO\\Desktop\\proyecto\\deport-back\\src\\deportistas\\dto\\update-deportista.dto.ts","statementMap":{"0":{"start":{"line":1,"column":0},"end":{"line":1,"column":51}},"1":{"start":{"line":2,"column":0},"end":{"line":2,"column":62}},"2":{"start":{"line":4,"column":0},"end":{"line":4,"column":13}}},"fnMap":{},"branchMap":{},"s":{"0":0,"1":0,"2":0},"f":{},"b":{}}
,"C:\\Users\\USUARIO\\Desktop\\proyecto\\deport-back\\src\\deportistas\\entities\\deportista.entity.ts": {"path":"C:\\Users\\USUARIO\\Desktop\\proyecto\\deport-back\\src\\deportistas\\entities\\deportista.entity.ts","statementMap":{"0":{"start":{"line":1,"column":0},"end":{"line":1,"column":null}},"1":{"start":{"line":9,"column":7},"end":{"line":21,"column":null}},"2":{"start":{"line":9,"column":13},"end":{"line":9,"column":23}},"3":{"start":{"line":11,"column":2},"end":{"line":11,"column":null}},"4":{"start":{"line":14,"column":2},"end":{"line":14,"column":null}},"5":{"start":{"line":17,"column":2},"end":{"line":17,"column":null}},"6":{"start":{"line":20,"column":2},"end":{"line":20,"column":null}},"7":{"start":{"line":19,"column":56},"end":{"line":19,"column":75}},"8":{"start":{"line":9,"column":13},"end":{"line":21,"column":null}}},"fnMap":{"0":{"name":"(anonymous_2)","decl":{"start":{"line":19,"column":50},"end":{"line":19,"column":53}},"loc":{"start":{"line":19,"column":56},"end":{"line":19,"column":75}}}},"branchMap":{"0":{"loc":{"start":{"line":20,"column":12},"end":{"line":20,"column":17}},"type":"cond-expr","locations":[{"start":{"line":20,"column":16},"end":{"line":20,"column":17}},{"start":{"line":20,"column":16},"end":{"line":20,"column":17}}]},"1":{"loc":{"start":{"line":20,"column":12},"end":{"line":20,"column":16}},"type":"binary-expr","locations":[{"start":{"line":20,"column":12},"end":{"line":20,"column":17}},{"start":{"line":20,"column":12},"end":{"line":20,"column":16}}]}},"s":{"0":2,"1":2,"2":2,"3":2,"4":2,"5":2,"6":2,"7":2,"8":2},"f":{"0":2},"b":{"0":[2,0],"1":[2,2]}}
,"C:\\Users\\USUARIO\\Desktop\\proyecto\\deport-back\\src\\deportistas\\services\\deportistas.service.ts": {"path":"C:\\Users\\USUARIO\\Desktop\\proyecto\\deport-back\\src\\deportistas\\services\\deportistas.service.ts","statementMap":{"0":{"start":{"line":1,"column":0},"end":{"line":1,"column":null}},"1":{"start":{"line":6,"column":0},"end":{"line":6,"column":82}},"2":{"start":{"line":7,"column":0},"end":{"line":7,"column":59}},"3":{"start":{"line":8,"column":0},"end":{"line":8,"column":44}},"4":{"start":{"line":15,"column":7},"end":{"line":90,"column":null}},"5":{"start":{"line":18,"column":21},"end":{"line":18,"column":43}},"6":{"start":{"line":22,"column":23},"end":{"line":24,"column":6}},"7":{"start":{"line":25,"column":4},"end":{"line":27,"column":5}},"8":{"start":{"line":26,"column":6},"end":{"line":26,"column":61}},"9":{"start":{"line":31,"column":4},"end":{"line":31,"column":53}},"10":{"start":{"line":32,"column":23},"end":{"line":32,"column":70}},"11":{"start":{"line":33,"column":4},"end":{"line":33,"column":54}},"12":{"start":{"line":37,"column":4},"end":{"line":42,"column":7}},"13":{"start":{"line":48,"column":4},"end":{"line":48,"column":80}},"14":{"start":{"line":52,"column":23},"end":{"line":54,"column":6}},"15":{"start":{"line":55,"column":4},"end":{"line":57,"column":5}},"16":{"start":{"line":56,"column":6},"end":{"line":56,"column":68}},"17":{"start":{"line":58,"column":4},"end":{"line":58,"column":22}},"18":{"start":{"line":65,"column":23},"end":{"line":65,"column":49}},"19":{"start":{"line":66,"column":4},"end":{"line":68,"column":5}},"20":{"start":{"line":67,"column":6},"end":{"line":67,"column":37}},"21":{"start":{"line":69,"column":4},"end":{"line":69,"column":35}},"22":{"start":{"line":70,"column":4},"end":{"line":70,"column":33}},"23":{"start":{"line":71,"column":4},"end":{"line":71,"column":54}},"24":{"start":{"line":78,"column":23},"end":{"line":78,"column":49}},"25":{"start":{"line":79,"column":4},"end":{"line":81,"column":5}},"26":{"start":{"line":80,"column":6},"end":{"line":80,"column":45}},"27":{"start":{"line":82,"column":4},"end":{"line":82,"column":35}},"28":{"start":{"line":83,"column":4},"end":{"line":83,"column":54}},"29":{"start":{"line":87,"column":23},"end":{"line":87,"column":49}},"30":{"start":{"line":88,"column":4},"end":{"line":88,"column":55}},"31":{"start":{"line":15,"column":13},"end":{"line":15,"column":31}},"32":{"start":{"line":15,"column":13},"end":{"line":90,"column":null}}},"fnMap":{"0":{"name":"(anonymous_4)","decl":{"start":{"line":16,"column":2},"end":{"line":16,"column":null}},"loc":{"start":{"line":18,"column":65},"end":{"line":19,"column":6}}},"1":{"name":"(anonymous_5)","decl":{"start":{"line":21,"column":2},"end":{"line":21,"column":7}},"loc":{"start":{"line":21,"column":30},"end":{"line":28,"column":3}}},"2":{"name":"(anonymous_6)","decl":{"start":{"line":30,"column":2},"end":{"line":30,"column":7}},"loc":{"start":{"line":30,"column":49},"end":{"line":34,"column":3}}},"3":{"name":"(anonymous_7)","decl":{"start":{"line":36,"column":2},"end":{"line":36,"column":7}},"loc":{"start":{"line":36,"column":44},"end":{"line":43,"column":3}}},"4":{"name":"(anonymous_8)","decl":{"start":{"line":45,"column":2},"end":{"line":45,"column":7}},"loc":{"start":{"line":46,"column":46},"end":{"line":49,"column":3}}},"5":{"name":"(anonymous_9)","decl":{"start":{"line":51,"column":2},"end":{"line":51,"column":7}},"loc":{"start":{"line":51,"column":30},"end":{"line":59,"column":3}}},"6":{"name":"(anonymous_10)","decl":{"start":{"line":61,"column":2},"end":{"line":61,"column":7}},"loc":{"start":{"line":63,"column":32},"end":{"line":72,"column":3}}},"7":{"name":"(anonymous_11)","decl":{"start":{"line":74,"column":2},"end":{"line":74,"column":7}},"loc":{"start":{"line":76,"column":39},"end":{"line":84,"column":3}}},"8":{"name":"(anonymous_12)","decl":{"start":{"line":86,"column":2},"end":{"line":86,"column":7}},"loc":{"start":{"line":86,"column":27},"end":{"line":89,"column":3}}}},"branchMap":{"0":{"loc":{"start":{"line":25,"column":4},"end":{"line":27,"column":5}},"type":"if","locations":[{"start":{"line":25,"column":4},"end":{"line":27,"column":5}},{"start":{},"end":{}}]},"1":{"loc":{"start":{"line":39,"column":12},"end":{"line":39,"column":58}},"type":"cond-expr","locations":[{"start":{"line":39,"column":21},"end":{"line":39,"column":53}},{"start":{"line":39,"column":56},"end":{"line":39,"column":58}}]},"2":{"loc":{"start":{"line":40,"column":12},"end":{"line":40,"column":55}},"type":"cond-expr","locations":[{"start":{"line":40,"column":20},"end":{"line":40,"column":50}},{"start":{"line":40,"column":53},"end":{"line":40,"column":55}}]},"3":{"loc":{"start":{"line":55,"column":4},"end":{"line":57,"column":5}},"type":"if","locations":[{"start":{"line":55,"column":4},"end":{"line":57,"column":5}},{"start":{},"end":{}}]},"4":{"loc":{"start":{"line":66,"column":4},"end":{"line":68,"column":5}},"type":"if","locations":[{"start":{"line":66,"column":4},"end":{"line":68,"column":5}},{"start":{},"end":{}}]},"5":{"loc":{"start":{"line":79,"column":4},"end":{"line":81,"column":5}},"type":"if","locations":[{"start":{"line":79,"column":4},"end":{"line":81,"column":5}},{"start":{},"end":{}}]},"6":{"loc":{"start":{"line":79,"column":8},"end":{"line":79,"column":51}},"type":"binary-expr","locations":[{"start":{"line":79,"column":8},"end":{"line":79,"column":17}},{"start":{"line":79,"column":21},"end":{"line":79,"column":51}}]},"7":{"loc":{"start":{"line":18,"column":43},"end":{"line":18,"column":65}},"type":"cond-expr","locations":[{"start":{"line":18,"column":53},"end":{"line":18,"column":65}},{"start":{"line":18,"column":53},"end":{"line":18,"column":65}}]},"8":{"loc":{"start":{"line":18,"column":43},"end":{"line":18,"column":53}},"type":"binary-expr","locations":[{"start":{"line":18,"column":43},"end":{"line":18,"column":65}},{"start":{"line":18,"column":43},"end":{"line":18,"column":53}}]}},"s":{"0":2,"1":2,"2":2,"3":2,"4":2,"5":2,"6":5,"7":5,"8":1,"9":4,"10":3,"11":3,"12":2,"13":1,"14":5,"15":5,"16":1,"17":4,"18":1,"19":1,"20":1,"21":1,"22":1,"23":1,"24":1,"25":1,"26":0,"27":1,"28":1,"29":1,"30":1,"31":2,"32":2},"f":{"0":2,"1":5,"2":4,"3":2,"4":1,"5":5,"6":1,"7":1,"8":1},"b":{"0":[1,4],"1":[1,1],"2":[1,1],"3":[1,4],"4":[1,0],"5":[0,1],"6":[1,0],"7":[2,0],"8":[2,2]}}
,"C:\\Users\\USUARIO\\Desktop\\proyecto\\deport-back\\src\\habitos\\controllers\\habitos.controller.ts": {"path":"C:\\Users\\USUARIO\\Desktop\\proyecto\\deport-back\\src\\habitos\\controllers\\habitos.controller.ts","statementMap":{"0":{"start":{"line":1,"column":0},"end":{"line":1,"column":null}},"1":{"start":{"line":12,"column":0},"end":{"line":12,"column":61}},"2":{"start":{"line":13,"column":0},"end":{"line":13,"column":57}},"3":{"start":{"line":14,"column":0},"end":{"line":14,"column":61}},"4":{"start":{"line":15,"column":0},"end":{"line":15,"column":67}},"5":{"start":{"line":16,"column":0},"end":{"line":16,"column":88}},"6":{"start":{"line":19,"column":7},"end":{"line":62,"column":null}},"7":{"start":{"line":20,"column":31},"end":{"line":20,"column":47}},"8":{"start":{"line":24,"column":4},"end":{"line":24,"column":43}},"9":{"start":{"line":32,"column":4},"end":{"line":32,"column":64}},"10":{"start":{"line":37,"column":4},"end":{"line":37,"column":51}},"11":{"start":{"line":42,"column":4},"end":{"line":42,"column":47}},"12":{"start":{"line":47,"column":4},"end":{"line":47,"column":51}},"13":{"start":{"line":55,"column":4},"end":{"line":55,"column":61}},"14":{"start":{"line":60,"column":4},"end":{"line":60,"column":44}},"15":{"start":{"line":19,"column":13},"end":{"line":19,"column":30}},"16":{"start":{"line":23,"column":2},"end":{"line":25,"column":null}},"17":{"start":{"line":28,"column":2},"end":{"line":33,"column":null}},"18":{"start":{"line":36,"column":2},"end":{"line":38,"column":null}},"19":{"start":{"line":41,"column":2},"end":{"line":43,"column":null}},"20":{"start":{"line":46,"column":2},"end":{"line":48,"column":null}},"21":{"start":{"line":51,"column":2},"end":{"line":56,"column":null}},"22":{"start":{"line":59,"column":2},"end":{"line":61,"column":null}},"23":{"start":{"line":19,"column":13},"end":{"line":62,"column":null}}},"fnMap":{"0":{"name":"(anonymous_4)","decl":{"start":{"line":20,"column":2},"end":{"line":20,"column":31}},"loc":{"start":{"line":20,"column":61},"end":{"line":20,"column":65}}},"1":{"name":"(anonymous_5)","decl":{"start":{"line":23,"column":2},"end":{"line":23,"column":13}},"loc":{"start":{"line":23,"column":41},"end":{"line":25,"column":3}}},"2":{"name":"(anonymous_6)","decl":{"start":{"line":28,"column":2},"end":{"line":28,"column":15}},"loc":{"start":{"line":30,"column":48},"end":{"line":33,"column":3}}},"3":{"name":"(anonymous_7)","decl":{"start":{"line":36,"column":2},"end":{"line":36,"column":16}},"loc":{"start":{"line":36,"column":46},"end":{"line":38,"column":3}}},"4":{"name":"(anonymous_8)","decl":{"start":{"line":41,"column":2},"end":{"line":41,"column":13}},"loc":{"start":{"line":41,"column":37},"end":{"line":43,"column":3}}},"5":{"name":"(anonymous_9)","decl":{"start":{"line":46,"column":2},"end":{"line":46,"column":12}},"loc":{"start":{"line":46,"column":70},"end":{"line":48,"column":3}}},"6":{"name":"(anonymous_10)","decl":{"start":{"line":51,"column":2},"end":{"line":51,"column":22}},"loc":{"start":{"line":53,"column":46},"end":{"line":56,"column":3}}},"7":{"name":"(anonymous_11)","decl":{"start":{"line":59,"column":2},"end":{"line":59,"column":10}},"loc":{"start":{"line":59,"column":34},"end":{"line":61,"column":3}}}},"branchMap":{"0":{"loc":{"start":{"line":23,"column":27},"end":{"line":23,"column":null}},"type":"cond-expr","locations":[{"start":{"line":23,"column":41},"end":{"line":23,"column":null}},{"start":{"line":23,"column":41},"end":{"line":23,"column":null}}]},"1":{"loc":{"start":{"line":23,"column":27},"end":{"line":23,"column":41}},"type":"binary-expr","locations":[{"start":{"line":23,"column":27},"end":{"line":23,"column":null}},{"start":{"line":23,"column":27},"end":{"line":23,"column":41}}]},"2":{"loc":{"start":{"line":36,"column":30},"end":{"line":36,"column":null}},"type":"cond-expr","locations":[{"start":{"line":36,"column":46},"end":{"line":36,"column":null}},{"start":{"line":36,"column":46},"end":{"line":36,"column":null}}]},"3":{"loc":{"start":{"line":36,"column":30},"end":{"line":36,"column":46}},"type":"binary-expr","locations":[{"start":{"line":36,"column":30},"end":{"line":36,"column":null}},{"start":{"line":36,"column":30},"end":{"line":36,"column":46}}]},"4":{"loc":{"start":{"line":46,"column":51},"end":{"line":46,"column":null}},"type":"cond-expr","locations":[{"start":{"line":46,"column":70},"end":{"line":46,"column":null}},{"start":{"line":46,"column":70},"end":{"line":46,"column":null}}]},"5":{"loc":{"start":{"line":46,"column":51},"end":{"line":46,"column":70}},"type":"binary-expr","locations":[{"start":{"line":46,"column":51},"end":{"line":46,"column":null}},{"start":{"line":46,"column":51},"end":{"line":46,"column":70}}]},"6":{"loc":{"start":{"line":53,"column":17},"end":{"line":53,"column":null}},"type":"cond-expr","locations":[{"start":{"line":53,"column":46},"end":{"line":53,"column":null}},{"start":{"line":53,"column":46},"end":{"line":53,"column":null}}]},"7":{"loc":{"start":{"line":53,"column":17},"end":{"line":53,"column":46}},"type":"binary-expr","locations":[{"start":{"line":53,"column":17},"end":{"line":53,"column":null}},{"start":{"line":53,"column":17},"end":{"line":53,"column":46}}]},"8":{"loc":{"start":{"line":20,"column":47},"end":{"line":20,"column":64}},"type":"cond-expr","locations":[{"start":{"line":20,"column":61},"end":{"line":20,"column":64}},{"start":{"line":20,"column":61},"end":{"line":20,"column":64}}]},"9":{"loc":{"start":{"line":20,"column":47},"end":{"line":20,"column":61}},"type":"binary-expr","locations":[{"start":{"line":20,"column":47},"end":{"line":20,"column":64}},{"start":{"line":20,"column":47},"end":{"line":20,"column":61}}]}},"s":{"0":2,"1":2,"2":2,"3":2,"4":2,"5":2,"6":2,"7":2,"8":4,"9":1,"10":1,"11":2,"12":1,"13":1,"14":1,"15":2,"16":2,"17":2,"18":2,"19":2,"20":2,"21":2,"22":2,"23":2},"f":{"0":2,"1":4,"2":1,"3":1,"4":2,"5":1,"6":1,"7":1},"b":{"0":[2,0],"1":[2,2],"2":[2,0],"3":[2,2],"4":[2,0],"5":[2,2],"6":[2,0],"7":[2,2],"8":[2,0],"9":[2,2]}}
,"C:\\Users\\USUARIO\\Desktop\\proyecto\\deport-back\\src\\habitos\\dto\\actualizar-frecuencia-habito.dto.ts": {"path":"C:\\Users\\USUARIO\\Desktop\\proyecto\\deport-back\\src\\habitos\\dto\\actualizar-frecuencia-habito.dto.ts","statementMap":{"0":{"start":{"line":1,"column":0},"end":{"line":1,"column":56}},"1":{"start":{"line":3,"column":0},"end":{"line":3,"column":13}},"2":{"start":{"line":6,"column":2},"end":{"line":6,"column":null}}},"fnMap":{},"branchMap":{},"s":{"0":2,"1":2,"2":2},"f":{},"b":{}}
,"C:\\Users\\USUARIO\\Desktop\\proyecto\\deport-back\\src\\habitos\\dto\\buscar-habitos.dto.ts": {"path":"C:\\Users\\USUARIO\\Desktop\\proyecto\\deport-back\\src\\habitos\\dto\\buscar-habitos.dto.ts","statementMap":{"0":{"start":{"line":1,"column":0},"end":{"line":1,"column":73}},"1":{"start":{"line":3,"column":0},"end":{"line":3,"column":13}},"2":{"start":{"line":6,"column":2},"end":{"line":6,"column":null}},"3":{"start":{"line":10,"column":2},"end":{"line":10,"column":null}},"4":{"start":{"line":14,"column":2},"end":{"line":14,"column":null}},"5":{"start":{"line":18,"column":2},"end":{"line":18,"column":null}}},"fnMap":{},"branchMap":{},"s":{"0":2,"1":2,"2":2,"3":2,"4":2,"5":2},"f":{},"b":{}}
,"C:\\Users\\USUARIO\\Desktop\\proyecto\\deport-back\\src\\habitos\\dto\\crear-habito.dto.ts": {"path":"C:\\Users\\USUARIO\\Desktop\\proyecto\\deport-back\\src\\habitos\\dto\\crear-habito.dto.ts","statementMap":{"0":{"start":{"line":1,"column":0},"end":{"line":1,"column":64}},"1":{"start":{"line":3,"column":0},"end":{"line":3,"column":13}},"2":{"start":{"line":6,"column":2},"end":{"line":6,"column":null}},"3":{"start":{"line":10,"column":2},"end":{"line":10,"column":null}},"4":{"start":{"line":14,"column":2},"end":{"line":14,"column":null}},"5":{"start":{"line":17,"column":2},"end":{"line":17,"column":null}}},"fnMap":{},"branchMap":{},"s":{"0":2,"1":2,"2":2,"3":2,"4":2,"5":2},"f":{},"b":{}}
,"C:\\Users\\USUARIO\\Desktop\\proyecto\\deport-back\\src\\habitos\\dto\\reemplazar-habito.dto.ts": {"path":"C:\\Users\\USUARIO\\Desktop\\proyecto\\deport-back\\src\\habitos\\dto\\reemplazar-habito.dto.ts","statementMap":{"0":{"start":{"line":1,"column":0},"end":{"line":1,"column":74}},"1":{"start":{"line":3,"column":0},"end":{"line":3,"column":13}},"2":{"start":{"line":6,"column":2},"end":{"line":6,"column":null}},"3":{"start":{"line":10,"column":2},"end":{"line":10,"column":null}},"4":{"start":{"line":14,"column":2},"end":{"line":14,"column":null}},"5":{"start":{"line":17,"column":2},"end":{"line":17,"column":null}},"6":{"start":{"line":20,"column":2},"end":{"line":20,"column":null}},"7":{"start":{"line":23,"column":2},"end":{"line":23,"column":null}}},"fnMap":{},"branchMap":{},"s":{"0":2,"1":2,"2":2,"3":2,"4":2,"5":2,"6":2,"7":2},"f":{},"b":{}}
,"C:\\Users\\USUARIO\\Desktop\\proyecto\\deport-back\\src\\habitos\\entities\\habito.entity.ts": {"path":"C:\\Users\\USUARIO\\Desktop\\proyecto\\deport-back\\src\\habitos\\entities\\habito.entity.ts","statementMap":{"0":{"start":{"line":1,"column":0},"end":{"line":1,"column":null}},"1":{"start":{"line":10,"column":0},"end":{"line":10,"column":74}},"2":{"start":{"line":13,"column":7},"end":{"line":46,"column":null}},"3":{"start":{"line":13,"column":13},"end":{"line":13,"column":19}},"4":{"start":{"line":15,"column":2},"end":{"line":15,"column":null}},"5":{"start":{"line":18,"column":2},"end":{"line":18,"column":null}},"6":{"start":{"line":21,"column":2},"end":{"line":21,"column":null}},"7":{"start":{"line":24,"column":2},"end":{"line":24,"column":null}},"8":{"start":{"line":27,"column":2},"end":{"line":27,"column":null}},"9":{"start":{"line":33,"column":2},"end":{"line":33,"column":null}},"10":{"start":{"line":29,"column":19},"end":{"line":29,"column":29}},"11":{"start":{"line":36,"column":2},"end":{"line":36,"column":null}},"12":{"start":{"line":39,"column":2},"end":{"line":39,"column":null}},"13":{"start":{"line":42,"column":2},"end":{"line":42,"column":null}},"14":{"start":{"line":41,"column":56},"end":{"line":41,"column":75}},"15":{"start":{"line":45,"column":2},"end":{"line":45,"column":null}},"16":{"start":{"line":44,"column":56},"end":{"line":44,"column":75}},"17":{"start":{"line":13,"column":13},"end":{"line":46,"column":null}}},"fnMap":{"0":{"name":"(anonymous_2)","decl":{"start":{"line":29,"column":13},"end":{"line":29,"column":16}},"loc":{"start":{"line":29,"column":19},"end":{"line":29,"column":29}}},"1":{"name":"(anonymous_3)","decl":{"start":{"line":41,"column":50},"end":{"line":41,"column":53}},"loc":{"start":{"line":41,"column":56},"end":{"line":41,"column":75}}},"2":{"name":"(anonymous_4)","decl":{"start":{"line":44,"column":50},"end":{"line":44,"column":53}},"loc":{"start":{"line":44,"column":56},"end":{"line":44,"column":75}}}},"branchMap":{"0":{"loc":{"start":{"line":33,"column":14},"end":{"line":33,"column":25}},"type":"cond-expr","locations":[{"start":{"line":33,"column":24},"end":{"line":33,"column":25}},{"start":{"line":33,"column":24},"end":{"line":33,"column":25}}]},"1":{"loc":{"start":{"line":33,"column":14},"end":{"line":33,"column":24}},"type":"binary-expr","locations":[{"start":{"line":33,"column":14},"end":{"line":33,"column":25}},{"start":{"line":33,"column":14},"end":{"line":33,"column":24}}]},"2":{"loc":{"start":{"line":42,"column":12},"end":{"line":42,"column":17}},"type":"cond-expr","locations":[{"start":{"line":42,"column":16},"end":{"line":42,"column":17}},{"start":{"line":42,"column":16},"end":{"line":42,"column":17}}]},"3":{"loc":{"start":{"line":42,"column":12},"end":{"line":42,"column":16}},"type":"binary-expr","locations":[{"start":{"line":42,"column":12},"end":{"line":42,"column":17}},{"start":{"line":42,"column":12},"end":{"line":42,"column":16}}]},"4":{"loc":{"start":{"line":45,"column":17},"end":{"line":45,"column":22}},"type":"cond-expr","locations":[{"start":{"line":45,"column":21},"end":{"line":45,"column":22}},{"start":{"line":45,"column":21},"end":{"line":45,"column":22}}]},"5":{"loc":{"start":{"line":45,"column":17},"end":{"line":45,"column":21}},"type":"binary-expr","locations":[{"start":{"line":45,"column":17},"end":{"line":45,"column":22}},{"start":{"line":45,"column":17},"end":{"line":45,"column":21}}]}},"s":{"0":2,"1":2,"2":2,"3":2,"4":2,"5":2,"6":2,"7":2,"8":2,"9":2,"10":2,"11":2,"12":2,"13":2,"14":2,"15":2,"16":2,"17":2},"f":{"0":2,"1":2,"2":2},"b":{"0":[2,0],"1":[2,2],"2":[2,0],"3":[2,2],"4":[2,0],"5":[2,2]}}
,"C:\\Users\\USUARIO\\Desktop\\proyecto\\deport-back\\src\\habitos\\services\\habitos.service.ts": {"path":"C:\\Users\\USUARIO\\Desktop\\proyecto\\deport-back\\src\\habitos\\services\\habitos.service.ts","statementMap":{"0":{"start":{"line":1,"column":0},"end":{"line":1,"column":null}},"1":{"start":{"line":6,"column":0},"end":{"line":6,"column":51}},"2":{"start":{"line":7,"column":0},"end":{"line":7,"column":44}},"3":{"start":{"line":8,"column":0},"end":{"line":8,"column":51}},"4":{"start":{"line":15,"column":7},"end":{"line":104,"column":null}},"5":{"start":{"line":18,"column":21},"end":{"line":18,"column":39}},"6":{"start":{"line":26,"column":19},"end":{"line":28,"column":6}},"7":{"start":{"line":29,"column":4},"end":{"line":31,"column":5}},"8":{"start":{"line":30,"column":6},"end":{"line":30,"column":78}},"9":{"start":{"line":35,"column":4},"end":{"line":35,"column":56}},"10":{"start":{"line":36,"column":19},"end":{"line":40,"column":6}},"11":{"start":{"line":41,"column":4},"end":{"line":41,"column":46}},"12":{"start":{"line":45,"column":4},"end":{"line":50,"column":7}},"13":{"start":{"line":54,"column":4},"end":{"line":63,"column":7}},"14":{"start":{"line":67,"column":19},"end":{"line":67,"column":73}},"15":{"start":{"line":68,"column":4},"end":{"line":70,"column":5}},"16":{"start":{"line":69,"column":6},"end":{"line":69,"column":64}},"17":{"start":{"line":71,"column":4},"end":{"line":71,"column":18}},"18":{"start":{"line":75,"column":19},"end":{"line":75,"column":45}},"19":{"start":{"line":76,"column":4},"end":{"line":81,"column":5}},"20":{"start":{"line":80,"column":6},"end":{"line":80,"column":62}},"21":{"start":{"line":82,"column":4},"end":{"line":82,"column":31}},"22":{"start":{"line":83,"column":4},"end":{"line":83,"column":41}},"23":{"start":{"line":84,"column":4},"end":{"line":84,"column":39}},"24":{"start":{"line":85,"column":4},"end":{"line":85,"column":43}},"25":{"start":{"line":86,"column":4},"end":{"line":86,"column":41}},"26":{"start":{"line":87,"column":4},"end":{"line":87,"column":41}},"27":{"start":{"line":88,"column":4},"end":{"line":88,"column":46}},"28":{"start":{"line":95,"column":19},"end":{"line":95,"column":45}},"29":{"start":{"line":96,"column":4},"end":{"line":96,"column":39}},"30":{"start":{"line":97,"column":4},"end":{"line":97,"column":46}},"31":{"start":{"line":101,"column":19},"end":{"line":101,"column":45}},"32":{"start":{"line":102,"column":4},"end":{"line":102,"column":47}},"33":{"start":{"line":15,"column":13},"end":{"line":15,"column":27}},"34":{"start":{"line":15,"column":13},"end":{"line":104,"column":null}}},"fnMap":{"0":{"name":"(anonymous_4)","decl":{"start":{"line":16,"column":2},"end":{"line":16,"column":null}},"loc":{"start":{"line":18,"column":57},"end":{"line":19,"column":6}}},"1":{"name":"(anonymous_5)","decl":{"start":{"line":21,"column":2},"end":{"line":21,"column":7}},"loc":{"start":{"line":24,"column":22},"end":{"line":32,"column":3}}},"2":{"name":"(anonymous_6)","decl":{"start":{"line":34,"column":2},"end":{"line":34,"column":7}},"loc":{"start":{"line":34,"column":34},"end":{"line":42,"column":3}}},"3":{"name":"(anonymous_7)","decl":{"start":{"line":44,"column":2},"end":{"line":44,"column":7}},"loc":{"start":{"line":44,"column":57},"end":{"line":51,"column":3}}},"4":{"name":"(anonymous_8)","decl":{"start":{"line":53,"column":2},"end":{"line":53,"column":7}},"loc":{"start":{"line":53,"column":44},"end":{"line":64,"column":3}}},"5":{"name":"(anonymous_9)","decl":{"start":{"line":66,"column":2},"end":{"line":66,"column":7}},"loc":{"start":{"line":66,"column":30},"end":{"line":72,"column":3}}},"6":{"name":"(anonymous_10)","decl":{"start":{"line":74,"column":2},"end":{"line":74,"column":7}},"loc":{"start":{"line":74,"column":55},"end":{"line":89,"column":3}}},"7":{"name":"(anonymous_11)","decl":{"start":{"line":91,"column":2},"end":{"line":91,"column":7}},"loc":{"start":{"line":93,"column":38},"end":{"line":98,"column":3}}},"8":{"name":"(anonymous_12)","decl":{"start":{"line":100,"column":2},"end":{"line":100,"column":7}},"loc":{"start":{"line":100,"column":27},"end":{"line":103,"column":3}}}},"branchMap":{"0":{"loc":{"start":{"line":29,"column":4},"end":{"line":31,"column":5}},"type":"if","locations":[{"start":{"line":29,"column":4},"end":{"line":31,"column":5}},{"start":{},"end":{}}]},"1":{"loc":{"start":{"line":29,"column":8},"end":{"line":29,"column":41}},"type":"binary-expr","locations":[{"start":{"line":29,"column":8},"end":{"line":29,"column":14}},{"start":{"line":29,"column":18},"end":{"line":29,"column":41}}]},"2":{"loc":{"start":{"line":47,"column":12},"end":{"line":47,"column":70}},"type":"cond-expr","locations":[{"start":{"line":47,"column":25},"end":{"line":47,"column":65}},{"start":{"line":47,"column":68},"end":{"line":47,"column":70}}]},"3":{"loc":{"start":{"line":48,"column":12},"end":{"line":48,"column":48}},"type":"cond-expr","locations":[{"start":{"line":48,"column":27},"end":{"line":48,"column":43}},{"start":{"line":48,"column":46},"end":{"line":48,"column":48}}]},"4":{"loc":{"start":{"line":56,"column":12},"end":{"line":56,"column":66}},"type":"cond-expr","locations":[{"start":{"line":56,"column":25},"end":{"line":56,"column":61}},{"start":{"line":56,"column":64},"end":{"line":56,"column":66}}]},"5":{"loc":{"start":{"line":57,"column":12},"end":{"line":57,"column":78}},"type":"cond-expr","locations":[{"start":{"line":57,"column":29},"end":{"line":57,"column":73}},{"start":{"line":57,"column":76},"end":{"line":57,"column":78}}]},"6":{"loc":{"start":{"line":58,"column":12},"end":{"line":58,"column":70}},"type":"cond-expr","locations":[{"start":{"line":58,"column":31},"end":{"line":58,"column":65}},{"start":{"line":58,"column":68},"end":{"line":58,"column":70}}]},"7":{"loc":{"start":{"line":59,"column":12},"end":{"line":61,"column":14}},"type":"cond-expr","locations":[{"start":{"line":60,"column":12},"end":{"line":60,"column":44}},{"start":{"line":61,"column":12},"end":{"line":61,"column":14}}]},"8":{"loc":{"start":{"line":68,"column":4},"end":{"line":70,"column":5}},"type":"if","locations":[{"start":{"line":68,"column":4},"end":{"line":70,"column":5}},{"start":{},"end":{}}]},"9":{"loc":{"start":{"line":76,"column":4},"end":{"line":81,"column":5}},"type":"if","locations":[{"start":{"line":76,"column":4},"end":{"line":81,"column":5}},{"start":{},"end":{}}]},"10":{"loc":{"start":{"line":77,"column":6},"end":{"line":78,"column":46}},"type":"binary-expr","locations":[{"start":{"line":77,"column":6},"end":{"line":77,"column":34}},{"start":{"line":78,"column":6},"end":{"line":78,"column":46}}]},"11":{"loc":{"start":{"line":18,"column":39},"end":{"line":18,"column":57}},"type":"cond-expr","locations":[{"start":{"line":18,"column":49},"end":{"line":18,"column":57}},{"start":{"line":18,"column":49},"end":{"line":18,"column":57}}]},"12":{"loc":{"start":{"line":18,"column":39},"end":{"line":18,"column":49}},"type":"binary-expr","locations":[{"start":{"line":18,"column":39},"end":{"line":18,"column":57}},{"start":{"line":18,"column":39},"end":{"line":18,"column":49}}]}},"s":{"0":2,"1":2,"2":2,"3":2,"4":2,"5":2,"6":5,"7":5,"8":1,"9":4,"10":3,"11":3,"12":1,"13":1,"14":5,"15":5,"16":1,"17":4,"18":1,"19":1,"20":1,"21":1,"22":1,"23":1,"24":1,"25":1,"26":1,"27":1,"28":1,"29":1,"30":1,"31":1,"32":1,"33":2,"34":2},"f":{"0":2,"1":5,"2":4,"3":1,"4":1,"5":5,"6":1,"7":1,"8":1},"b":{"0":[1,4],"1":[5,1],"2":[1,0],"3":[0,1],"4":[1,0],"5":[0,1],"6":[1,0],"7":[0,1],"8":[1,4],"9":[1,0],"10":[1,0],"11":[2,0],"12":[2,2]}}
,"C:\\Users\\USUARIO\\Desktop\\proyecto\\deport-back\\src\\logros\\controllers\\logros.controller.ts": {"path":"C:\\Users\\USUARIO\\Desktop\\proyecto\\deport-back\\src\\logros\\controllers\\logros.controller.ts","statementMap":{"0":{"start":{"line":1,"column":0},"end":{"line":1,"column":56}},"1":{"start":{"line":2,"column":0},"end":{"line":2,"column":59}},"2":{"start":{"line":3,"column":0},"end":{"line":3,"column":59}},"3":{"start":{"line":6,"column":7},"end":{"line":13,"column":null}},"4":{"start":{"line":7,"column":31},"end":{"line":7,"column":46}},"5":{"start":{"line":11,"column":4},"end":{"line":11,"column":42}},"6":{"start":{"line":6,"column":13},"end":{"line":6,"column":29}},"7":{"start":{"line":10,"column":2},"end":{"line":12,"column":null}},"8":{"start":{"line":6,"column":13},"end":{"line":13,"column":null}}},"fnMap":{"0":{"name":"(anonymous_4)","decl":{"start":{"line":7,"column":2},"end":{"line":7,"column":31}},"loc":{"start":{"line":7,"column":59},"end":{"line":7,"column":63}}},"1":{"name":"(anonymous_5)","decl":{"start":{"line":10,"column":2},"end":{"line":10,"column":8}},"loc":{"start":{"line":10,"column":38},"end":{"line":12,"column":3}}}},"branchMap":{"0":{"loc":{"start":{"line":10,"column":23},"end":{"line":10,"column":null}},"type":"cond-expr","locations":[{"start":{"line":10,"column":38},"end":{"line":10,"column":null}},{"start":{"line":10,"column":38},"end":{"line":10,"column":null}}]},"1":{"loc":{"start":{"line":10,"column":23},"end":{"line":10,"column":38}},"type":"binary-expr","locations":[{"start":{"line":10,"column":23},"end":{"line":10,"column":null}},{"start":{"line":10,"column":23},"end":{"line":10,"column":38}}]},"2":{"loc":{"start":{"line":7,"column":46},"end":{"line":7,"column":62}},"type":"cond-expr","locations":[{"start":{"line":7,"column":59},"end":{"line":7,"column":62}},{"start":{"line":7,"column":59},"end":{"line":7,"column":62}}]},"3":{"loc":{"start":{"line":7,"column":46},"end":{"line":7,"column":59}},"type":"binary-expr","locations":[{"start":{"line":7,"column":46},"end":{"line":7,"column":62}},{"start":{"line":7,"column":46},"end":{"line":7,"column":59}}]}},"s":{"0":2,"1":2,"2":2,"3":2,"4":2,"5":2,"6":2,"7":2,"8":2},"f":{"0":2,"1":2},"b":{"0":[2,0],"1":[2,2],"2":[2,0],"3":[2,2]}}
,"C:\\Users\\USUARIO\\Desktop\\proyecto\\deport-back\\src\\logros\\dto\\buscar-logros.dto.ts": {"path":"C:\\Users\\USUARIO\\Desktop\\proyecto\\deport-back\\src\\logros\\dto\\buscar-logros.dto.ts","statementMap":{"0":{"start":{"line":1,"column":0},"end":{"line":1,"column":53}},"1":{"start":{"line":3,"column":0},"end":{"line":3,"column":13}},"2":{"start":{"line":6,"column":2},"end":{"line":6,"column":null}},"3":{"start":{"line":10,"column":2},"end":{"line":10,"column":null}}},"fnMap":{},"branchMap":{},"s":{"0":2,"1":2,"2":2,"3":2},"f":{},"b":{}}
,"C:\\Users\\USUARIO\\Desktop\\proyecto\\deport-back\\src\\logros\\services\\logros.service.ts": {"path":"C:\\Users\\USUARIO\\Desktop\\proyecto\\deport-back\\src\\logros\\services\\logros.service.ts","statementMap":{"0":{"start":{"line":1,"column":0},"end":{"line":1,"column":null}},"1":{"start":{"line":6,"column":0},"end":{"line":6,"column":51}},"2":{"start":{"line":7,"column":0},"end":{"line":7,"column":37}},"3":{"start":{"line":8,"column":0},"end":{"line":8,"column":62}},"4":{"start":{"line":9,"column":0},"end":{"line":9,"column":68}},"5":{"start":{"line":20,"column":23},"end":{"line":20,"column":35}},"6":{"start":{"line":21,"column":32},"end":{"line":21,"column":34}},"7":{"start":{"line":22,"column":21},"end":{"line":22,"column":22}},"8":{"start":{"line":25,"column":7},"end":{"line":148,"column":null}},"9":{"start":{"line":28,"column":21},"end":{"line":28,"column":39}},"10":{"start":{"line":30,"column":21},"end":{"line":30,"column":41}},"11":{"start":{"line":34,"column":19},"end":{"line":34,"column":49}},"12":{"start":{"line":35,"column":4},"end":{"line":35,"column":51}},"13":{"start":{"line":39,"column":16},"end":{"line":39,"column":17}},"14":{"start":{"line":40,"column":17},"end":{"line":40,"column":18}},"15":{"start":{"line":41,"column":37},"end":{"line":41,"column":41}},"16":{"start":{"line":43,"column":4},"end":{"line":61,"column":5}},"17":{"start":{"line":44,"column":6},"end":{"line":48,"column":7}},"18":{"start":{"line":45,"column":8},"end":{"line":45,"column":19}},"19":{"start":{"line":46,"column":8},"end":{"line":46,"column":27}},"20":{"start":{"line":47,"column":8},"end":{"line":47,"column":17}},"21":{"start":{"line":50,"column":20},"end":{"line":50,"column":51}},"22":{"start":{"line":51,"column":6},"end":{"line":55,"column":7}},"23":{"start":{"line":52,"column":8},"end":{"line":52,"column":20}},"24":{"start":{"line":54,"column":8},"end":{"line":54,"column":19}},"25":{"start":{"line":57,"column":6},"end":{"line":57,"column":26}},"26":{"start":{"line":58,"column":6},"end":{"line":60,"column":7}},"27":{"start":{"line":59,"column":8},"end":{"line":59,"column":23}},"28":{"start":{"line":63,"column":4},"end":{"line":63,"column":17}},"29":{"start":{"line":70,"column":37},"end":{"line":70,"column":39}},"30":{"start":{"line":72,"column":4},"end":{"line":82,"column":5}},"31":{"start":{"line":73,"column":6},"end":{"line":81,"column":7}},"32":{"start":{"line":74,"column":8},"end":{"line":80,"column":11}},"33":{"start":{"line":84,"column":4},"end":{"line":95,"column":5}},"34":{"start":{"line":86,"column":36},"end":{"line":86,"column":55}},"35":{"start":{"line":88,"column":6},"end":{"line":94,"column":9}},"36":{"start":{"line":97,"column":25},"end":{"line":97,"column":59}},"37":{"start":{"line":98,"column":4},"end":{"line":106,"column":5}},"38":{"start":{"line":99,"column":6},"end":{"line":105,"column":9}},"39":{"start":{"line":108,"column":4},"end":{"line":108,"column":18}},"40":{"start":{"line":112,"column":4},"end":{"line":114,"column":5}},"41":{"start":{"line":113,"column":6},"end":{"line":113,"column":76}},"42":{"start":{"line":116,"column":4},"end":{"line":130,"column":5}},"43":{"start":{"line":117,"column":21},"end":{"line":119,"column":8}},"44":{"start":{"line":120,"column":6},"end":{"line":122,"column":7}},"45":{"start":{"line":121,"column":8},"end":{"line":121,"column":76}},"46":{"start":{"line":124,"column":24},"end":{"line":127,"column":8}},"47":{"start":{"line":129,"column":6},"end":{"line":129,"column":53}},"48":{"start":{"line":132,"column":20},"end":{"line":135,"column":6}},"49":{"start":{"line":137,"column":40},"end":{"line":137,"column":42}},"50":{"start":{"line":138,"column":4},"end":{"line":144,"column":5}},"51":{"start":{"line":139,"column":24},"end":{"line":142,"column":8}},"52":{"start":{"line":143,"column":6},"end":{"line":143,"column":65}},"53":{"start":{"line":146,"column":4},"end":{"line":146,"column":21}},"54":{"start":{"line":25,"column":13},"end":{"line":25,"column":26}},"55":{"start":{"line":25,"column":13},"end":{"line":148,"column":null}}},"fnMap":{"0":{"name":"(anonymous_4)","decl":{"start":{"line":26,"column":2},"end":{"line":26,"column":null}},"loc":{"start":{"line":30,"column":61},"end":{"line":31,"column":6}}},"1":{"name":"(anonymous_5)","decl":{"start":{"line":33,"column":10},"end":{"line":33,"column":20}},"loc":{"start":{"line":33,"column":34},"end":{"line":36,"column":3}}},"2":{"name":"(anonymous_6)","decl":{"start":{"line":38,"column":10},"end":{"line":38,"column":28}},"loc":{"start":{"line":38,"column":50},"end":{"line":64,"column":3}}},"3":{"name":"(anonymous_7)","decl":{"start":{"line":66,"column":10},"end":{"line":66,"column":25}},"loc":{"start":{"line":68,"column":25},"end":{"line":109,"column":3}}},"4":{"name":"(anonymous_8)","decl":{"start":{"line":86,"column":22},"end":{"line":86,"column":23}},"loc":{"start":{"line":86,"column":36},"end":{"line":86,"column":55}}},"5":{"name":"(anonymous_9)","decl":{"start":{"line":111,"column":2},"end":{"line":111,"column":7}},"loc":{"start":{"line":111,"column":35},"end":{"line":147,"column":3}}}},"branchMap":{"0":{"loc":{"start":{"line":44,"column":6},"end":{"line":48,"column":7}},"type":"if","locations":[{"start":{"line":44,"column":6},"end":{"line":48,"column":7}},{"start":{},"end":{}}]},"1":{"loc":{"start":{"line":44,"column":10},"end":{"line":44,"column":50}},"type":"binary-expr","locations":[{"start":{"line":44,"column":10},"end":{"line":44,"column":30}},{"start":{"line":44,"column":34},"end":{"line":44,"column":50}}]},"2":{"loc":{"start":{"line":51,"column":6},"end":{"line":55,"column":7}},"type":"if","locations":[{"start":{"line":51,"column":6},"end":{"line":55,"column":7}},{"start":{"line":53,"column":13},"end":{"line":55,"column":7}}]},"3":{"loc":{"start":{"line":51,"column":10},"end":{"line":51,"column":59}},"type":"binary-expr","locations":[{"start":{"line":51,"column":10},"end":{"line":51,"column":30}},{"start":{"line":51,"column":34},"end":{"line":51,"column":59}}]},"4":{"loc":{"start":{"line":58,"column":6},"end":{"line":60,"column":7}},"type":"if","locations":[{"start":{"line":58,"column":6},"end":{"line":60,"column":7}},{"start":{},"end":{}}]},"5":{"loc":{"start":{"line":73,"column":6},"end":{"line":81,"column":7}},"type":"if","locations":[{"start":{"line":73,"column":6},"end":{"line":81,"column":7}},{"start":{},"end":{}}]},"6":{"loc":{"start":{"line":84,"column":4},"end":{"line":95,"column":5}},"type":"if","locations":[{"start":{"line":84,"column":4},"end":{"line":95,"column":5}},{"start":{},"end":{}}]},"7":{"loc":{"start":{"line":85,"column":6},"end":{"line":86,"column":56}},"type":"binary-expr","locations":[{"start":{"line":85,"column":6},"end":{"line":85,"column":49}},{"start":{"line":86,"column":6},"end":{"line":86,"column":56}}]},"8":{"loc":{"start":{"line":98,"column":4},"end":{"line":106,"column":5}},"type":"if","locations":[{"start":{"line":98,"column":4},"end":{"line":106,"column":5}},{"start":{},"end":{}}]},"9":{"loc":{"start":{"line":112,"column":4},"end":{"line":114,"column":5}},"type":"if","locations":[{"start":{"line":112,"column":4},"end":{"line":114,"column":5}},{"start":{},"end":{}}]},"10":{"loc":{"start":{"line":112,"column":8},"end":{"line":112,"column":42}},"type":"binary-expr","locations":[{"start":{"line":112,"column":8},"end":{"line":112,"column":21}},{"start":{"line":112,"column":25},"end":{"line":112,"column":42}}]},"11":{"loc":{"start":{"line":116,"column":4},"end":{"line":130,"column":5}},"type":"if","locations":[{"start":{"line":116,"column":4},"end":{"line":130,"column":5}},{"start":{},"end":{}}]},"12":{"loc":{"start":{"line":120,"column":6},"end":{"line":122,"column":7}},"type":"if","locations":[{"start":{"line":120,"column":6},"end":{"line":122,"column":7}},{"start":{},"end":{}}]},"13":{"loc":{"start":{"line":28,"column":39},"end":{"line":28,"column":57}},"type":"cond-expr","locations":[{"start":{"line":28,"column":49},"end":{"line":28,"column":57}},{"start":{"line":28,"column":49},"end":{"line":28,"column":57}}]},"14":{"loc":{"start":{"line":28,"column":39},"end":{"line":28,"column":49}},"type":"binary-expr","locations":[{"start":{"line":28,"column":39},"end":{"line":28,"column":57}},{"start":{"line":28,"column":39},"end":{"line":28,"column":49}}]},"15":{"loc":{"start":{"line":28,"column":49},"end":{"line":30,"column":61}},"type":"cond-expr","locations":[{"start":{"line":30,"column":51},"end":{"line":30,"column":61}},{"start":{"line":30,"column":51},"end":{"line":30,"column":61}}]},"16":{"loc":{"start":{"line":28,"column":49},"end":{"line":30,"column":51}},"type":"binary-expr","locations":[{"start":{"line":28,"column":49},"end":{"line":30,"column":61}},{"start":{"line":30,"column":41},"end":{"line":30,"column":51}}]}},"s":{"0":2,"1":2,"2":2,"3":2,"4":2,"5":2,"6":2,"7":2,"8":2,"9":2,"10":2,"11":0,"12":0,"13":1,"14":1,"15":1,"16":1,"17":0,"18":0,"19":0,"20":0,"21":0,"22":0,"23":0,"24":0,"25":0,"26":0,"27":0,"28":1,"29":1,"30":1,"31":3,"32":0,"33":1,"34":0,"35":0,"36":1,"37":1,"38":0,"39":1,"40":2,"41":1,"42":1,"43":0,"44":0,"45":0,"46":0,"47":0,"48":1,"49":1,"50":1,"51":1,"52":1,"53":1,"54":2,"55":2},"f":{"0":2,"1":0,"2":1,"3":1,"4":0,"5":2},"b":{"0":[0,0],"1":[0,0],"2":[0,0],"3":[0,0],"4":[0,0],"5":[0,3],"6":[0,1],"7":[1,0],"8":[0,1],"9":[1,1],"10":[2,2],"11":[0,1],"12":[0,0],"13":[2,0],"14":[2,2],"15":[2,0],"16":[2,2]}}
,"C:\\Users\\USUARIO\\Desktop\\proyecto\\deport-back\\src\\registros\\controllers\\registros.controller.ts": {"path":"C:\\Users\\USUARIO\\Desktop\\proyecto\\deport-back\\src\\registros\\controllers\\registros.controller.ts","statementMap":{"0":{"start":{"line":1,"column":0},"end":{"line":1,"column":null}},"1":{"start":{"line":12,"column":0},"end":{"line":12,"column":65}},"2":{"start":{"line":13,"column":0},"end":{"line":13,"column":61}},"3":{"start":{"line":14,"column":0},"end":{"line":14,"column":65}},"4":{"start":{"line":15,"column":0},"end":{"line":15,"column":71}},"5":{"start":{"line":16,"column":0},"end":{"line":16,"column":86}},"6":{"start":{"line":19,"column":7},"end":{"line":57,"column":null}},"7":{"start":{"line":20,"column":31},"end":{"line":20,"column":49}},"8":{"start":{"line":24,"column":4},"end":{"line":24,"column":45}},"9":{"start":{"line":29,"column":4},"end":{"line":29,"column":48}},"10":{"start":{"line":34,"column":4},"end":{"line":34,"column":49}},"11":{"start":{"line":42,"column":4},"end":{"line":42,"column":61}},"12":{"start":{"line":50,"column":4},"end":{"line":50,"column":60}},"13":{"start":{"line":55,"column":4},"end":{"line":55,"column":46}},"14":{"start":{"line":19,"column":13},"end":{"line":19,"column":32}},"15":{"start":{"line":23,"column":2},"end":{"line":25,"column":null}},"16":{"start":{"line":28,"column":2},"end":{"line":30,"column":null}},"17":{"start":{"line":33,"column":2},"end":{"line":35,"column":null}},"18":{"start":{"line":38,"column":2},"end":{"line":43,"column":null}},"19":{"start":{"line":46,"column":2},"end":{"line":51,"column":null}},"20":{"start":{"line":54,"column":2},"end":{"line":56,"column":null}},"21":{"start":{"line":19,"column":13},"end":{"line":57,"column":null}}},"fnMap":{"0":{"name":"(anonymous_4)","decl":{"start":{"line":20,"column":2},"end":{"line":20,"column":31}},"loc":{"start":{"line":20,"column":65},"end":{"line":20,"column":69}}},"1":{"name":"(anonymous_5)","decl":{"start":{"line":23,"column":2},"end":{"line":23,"column":15}},"loc":{"start":{"line":23,"column":45},"end":{"line":25,"column":3}}},"2":{"name":"(anonymous_6)","decl":{"start":{"line":28,"column":2},"end":{"line":28,"column":11}},"loc":{"start":{"line":28,"column":44},"end":{"line":30,"column":3}}},"3":{"name":"(anonymous_7)","decl":{"start":{"line":33,"column":2},"end":{"line":33,"column":9}},"loc":{"start":{"line":33,"column":33},"end":{"line":35,"column":3}}},"4":{"name":"(anonymous_8)","decl":{"start":{"line":38,"column":2},"end":{"line":38,"column":20}},"loc":{"start":{"line":40,"column":38},"end":{"line":43,"column":3}}},"5":{"name":"(anonymous_9)","decl":{"start":{"line":46,"column":2},"end":{"line":46,"column":19}},"loc":{"start":{"line":48,"column":45},"end":{"line":51,"column":3}}},"6":{"name":"(anonymous_10)","decl":{"start":{"line":54,"column":2},"end":{"line":54,"column":10}},"loc":{"start":{"line":54,"column":34},"end":{"line":56,"column":3}}}},"branchMap":{"0":{"loc":{"start":{"line":23,"column":29},"end":{"line":23,"column":null}},"type":"cond-expr","locations":[{"start":{"line":23,"column":45},"end":{"line":23,"column":null}},{"start":{"line":23,"column":45},"end":{"line":23,"column":null}}]},"1":{"loc":{"start":{"line":23,"column":29},"end":{"line":23,"column":45}},"type":"binary-expr","locations":[{"start":{"line":23,"column":29},"end":{"line":23,"column":null}},{"start":{"line":23,"column":29},"end":{"line":23,"column":45}}]},"2":{"loc":{"start":{"line":28,"column":26},"end":{"line":28,"column":null}},"type":"cond-expr","locations":[{"start":{"line":28,"column":44},"end":{"line":28,"column":null}},{"start":{"line":28,"column":44},"end":{"line":28,"column":null}}]},"3":{"loc":{"start":{"line":28,"column":26},"end":{"line":28,"column":44}},"type":"binary-expr","locations":[{"start":{"line":28,"column":26},"end":{"line":28,"column":null}},{"start":{"line":28,"column":26},"end":{"line":28,"column":44}}]},"4":{"loc":{"start":{"line":40,"column":17},"end":{"line":40,"column":null}},"type":"cond-expr","locations":[{"start":{"line":40,"column":38},"end":{"line":40,"column":null}},{"start":{"line":40,"column":38},"end":{"line":40,"column":null}}]},"5":{"loc":{"start":{"line":40,"column":17},"end":{"line":40,"column":38}},"type":"binary-expr","locations":[{"start":{"line":40,"column":17},"end":{"line":40,"column":null}},{"start":{"line":40,"column":17},"end":{"line":40,"column":38}}]},"6":{"loc":{"start":{"line":48,"column":17},"end":{"line":48,"column":null}},"type":"cond-expr","locations":[{"start":{"line":48,"column":45},"end":{"line":48,"column":null}},{"start":{"line":48,"column":45},"end":{"line":48,"column":null}}]},"7":{"loc":{"start":{"line":48,"column":17},"end":{"line":48,"column":45}},"type":"binary-expr","locations":[{"start":{"line":48,"column":17},"end":{"line":48,"column":null}},{"start":{"line":48,"column":17},"end":{"line":48,"column":45}}]},"8":{"loc":{"start":{"line":20,"column":49},"end":{"line":20,"column":68}},"type":"cond-expr","locations":[{"start":{"line":20,"column":65},"end":{"line":20,"column":68}},{"start":{"line":20,"column":65},"end":{"line":20,"column":68}}]},"9":{"loc":{"start":{"line":20,"column":49},"end":{"line":20,"column":65}},"type":"binary-expr","locations":[{"start":{"line":20,"column":49},"end":{"line":20,"column":68}},{"start":{"line":20,"column":49},"end":{"line":20,"column":65}}]}},"s":{"0":2,"1":2,"2":2,"3":2,"4":2,"5":2,"6":2,"7":2,"8":4,"9":1,"10":2,"11":1,"12":1,"13":1,"14":2,"15":2,"16":2,"17":2,"18":2,"19":2,"20":2,"21":2},"f":{"0":2,"1":4,"2":1,"3":2,"4":1,"5":1,"6":1},"b":{"0":[2,0],"1":[2,2],"2":[2,0],"3":[2,2],"4":[2,0],"5":[2,2],"6":[2,0],"7":[2,2],"8":[2,0],"9":[2,2]}}
,"C:\\Users\\USUARIO\\Desktop\\proyecto\\deport-back\\src\\registros\\dto\\actualizar-parcial-registro.dto.ts": {"path":"C:\\Users\\USUARIO\\Desktop\\proyecto\\deport-back\\src\\registros\\dto\\actualizar-parcial-registro.dto.ts","statementMap":{"0":{"start":{"line":1,"column":0},"end":{"line":1,"column":57}},"1":{"start":{"line":3,"column":0},"end":{"line":3,"column":13}},"2":{"start":{"line":7,"column":2},"end":{"line":7,"column":null}},"3":{"start":{"line":10,"column":2},"end":{"line":10,"column":null}}},"fnMap":{},"branchMap":{},"s":{"0":2,"1":2,"2":2,"3":2},"f":{},"b":{}}
,"C:\\Users\\USUARIO\\Desktop\\proyecto\\deport-back\\src\\registros\\dto\\actualizar-registro.dto.ts": {"path":"C:\\Users\\USUARIO\\Desktop\\proyecto\\deport-back\\src\\registros\\dto\\actualizar-registro.dto.ts","statementMap":{"0":{"start":{"line":1,"column":0},"end":{"line":1,"column":null}},"1":{"start":{"line":10,"column":0},"end":{"line":10,"column":13}},"2":{"start":{"line":13,"column":2},"end":{"line":13,"column":null}},"3":{"start":{"line":17,"column":2},"end":{"line":17,"column":null}},"4":{"start":{"line":22,"column":2},"end":{"line":22,"column":null}},"5":{"start":{"line":28,"column":2},"end":{"line":28,"column":null}},"6":{"start":{"line":31,"column":2},"end":{"line":31,"column":null}}},"fnMap":{},"branchMap":{},"s":{"0":2,"1":2,"2":2,"3":2,"4":2,"5":2,"6":2},"f":{},"b":{}}
,"C:\\Users\\USUARIO\\Desktop\\proyecto\\deport-back\\src\\registros\\dto\\buscar-registros.dto.ts": {"path":"C:\\Users\\USUARIO\\Desktop\\proyecto\\deport-back\\src\\registros\\dto\\buscar-registros.dto.ts","statementMap":{"0":{"start":{"line":1,"column":0},"end":{"line":1,"column":null}},"1":{"start":{"line":9,"column":0},"end":{"line":9,"column":13}},"2":{"start":{"line":12,"column":2},"end":{"line":12,"column":null}},"3":{"start":{"line":16,"column":2},"end":{"line":16,"column":null}},"4":{"start":{"line":20,"column":2},"end":{"line":20,"column":null}},"5":{"start":{"line":24,"column":2},"end":{"line":24,"column":null}},"6":{"start":{"line":28,"column":2},"end":{"line":28,"column":null}},"7":{"start":{"line":32,"column":2},"end":{"line":32,"column":null}}},"fnMap":{},"branchMap":{},"s":{"0":2,"1":2,"2":2,"3":2,"4":2,"5":2,"6":2,"7":2},"f":{},"b":{}}
,"C:\\Users\\USUARIO\\Desktop\\proyecto\\deport-back\\src\\registros\\dto\\crear-registro.dto.ts": {"path":"C:\\Users\\USUARIO\\Desktop\\proyecto\\deport-back\\src\\registros\\dto\\crear-registro.dto.ts","statementMap":{"0":{"start":{"line":1,"column":0},"end":{"line":1,"column":null}},"1":{"start":{"line":11,"column":0},"end":{"line":11,"column":13}},"2":{"start":{"line":13,"column":2},"end":{"line":13,"column":null}},"3":{"start":{"line":16,"column":2},"end":{"line":16,"column":null}},"4":{"start":{"line":19,"column":2},"end":{"line":19,"column":null}},"5":{"start":{"line":23,"column":2},"end":{"line":23,"column":null}},"6":{"start":{"line":28,"column":2},"end":{"line":28,"column":null}},"7":{"start":{"line":31,"column":2},"end":{"line":31,"column":null}}},"fnMap":{},"branchMap":{},"s":{"0":2,"1":2,"2":2,"3":2,"4":2,"5":2,"6":2,"7":2},"f":{},"b":{}}
,"C:\\Users\\USUARIO\\Desktop\\proyecto\\deport-back\\src\\registros\\entities\\registro.entity.ts": {"path":"C:\\Users\\USUARIO\\Desktop\\proyecto\\deport-back\\src\\registros\\entities\\registro.entity.ts","statementMap":{"0":{"start":{"line":1,"column":0},"end":{"line":1,"column":null}},"1":{"start":{"line":9,"column":0},"end":{"line":9,"column":62}},"2":{"start":{"line":12,"column":7},"end":{"line":42,"column":null}},"3":{"start":{"line":12,"column":13},"end":{"line":12,"column":21}},"4":{"start":{"line":14,"column":2},"end":{"line":14,"column":null}},"5":{"start":{"line":17,"column":2},"end":{"line":17,"column":null}},"6":{"start":{"line":23,"column":2},"end":{"line":23,"column":null}},"7":{"start":{"line":19,"column":19},"end":{"line":19,"column":25}},"8":{"start":{"line":26,"column":2},"end":{"line":26,"column":null}},"9":{"start":{"line":29,"column":2},"end":{"line":29,"column":null}},"10":{"start":{"line":32,"column":2},"end":{"line":32,"column":null}},"11":{"start":{"line":35,"column":2},"end":{"line":35,"column":null}},"12":{"start":{"line":38,"column":2},"end":{"line":38,"column":null}},"13":{"start":{"line":41,"column":2},"end":{"line":41,"column":null}},"14":{"start":{"line":40,"column":56},"end":{"line":40,"column":75}},"15":{"start":{"line":12,"column":13},"end":{"line":42,"column":null}}},"fnMap":{"0":{"name":"(anonymous_2)","decl":{"start":{"line":19,"column":13},"end":{"line":19,"column":16}},"loc":{"start":{"line":19,"column":19},"end":{"line":19,"column":25}}},"1":{"name":"(anonymous_3)","decl":{"start":{"line":40,"column":50},"end":{"line":40,"column":53}},"loc":{"start":{"line":40,"column":56},"end":{"line":40,"column":75}}}},"branchMap":{"0":{"loc":{"start":{"line":23,"column":10},"end":{"line":23,"column":17}},"type":"cond-expr","locations":[{"start":{"line":23,"column":16},"end":{"line":23,"column":17}},{"start":{"line":23,"column":16},"end":{"line":23,"column":17}}]},"1":{"loc":{"start":{"line":23,"column":10},"end":{"line":23,"column":16}},"type":"binary-expr","locations":[{"start":{"line":23,"column":10},"end":{"line":23,"column":17}},{"start":{"line":23,"column":10},"end":{"line":23,"column":16}}]},"2":{"loc":{"start":{"line":41,"column":12},"end":{"line":41,"column":17}},"type":"cond-expr","locations":[{"start":{"line":41,"column":16},"end":{"line":41,"column":17}},{"start":{"line":41,"column":16},"end":{"line":41,"column":17}}]},"3":{"loc":{"start":{"line":41,"column":12},"end":{"line":41,"column":16}},"type":"binary-expr","locations":[{"start":{"line":41,"column":12},"end":{"line":41,"column":17}},{"start":{"line":41,"column":12},"end":{"line":41,"column":16}}]}},"s":{"0":2,"1":2,"2":2,"3":2,"4":2,"5":2,"6":2,"7":2,"8":2,"9":2,"10":2,"11":2,"12":2,"13":2,"14":2,"15":2},"f":{"0":2,"1":2},"b":{"0":[2,0],"1":[2,2],"2":[2,0],"3":[2,2]}}
,"C:\\Users\\USUARIO\\Desktop\\proyecto\\deport-back\\src\\registros\\services\\registros.service.ts": {"path":"C:\\Users\\USUARIO\\Desktop\\proyecto\\deport-back\\src\\registros\\services\\registros.service.ts","statementMap":{"0":{"start":{"line":1,"column":0},"end":{"line":1,"column":null}},"1":{"start":{"line":6,"column":0},"end":{"line":6,"column":51}},"2":{"start":{"line":7,"column":0},"end":{"line":7,"column":37}},"3":{"start":{"line":8,"column":0},"end":{"line":8,"column":55}},"4":{"start":{"line":11,"column":0},"end":{"line":11,"column":62}},"5":{"start":{"line":16,"column":7},"end":{"line":162,"column":null}},"6":{"start":{"line":19,"column":21},"end":{"line":19,"column":41}},"7":{"start":{"line":21,"column":21},"end":{"line":21,"column":39}},"8":{"start":{"line":25,"column":19},"end":{"line":25,"column":49}},"9":{"start":{"line":26,"column":4},"end":{"line":26,"column":51}},"10":{"start":{"line":30,"column":19},"end":{"line":32,"column":6}},"11":{"start":{"line":33,"column":4},"end":{"line":35,"column":5}},"12":{"start":{"line":34,"column":6},"end":{"line":34,"column":70}},"13":{"start":{"line":37,"column":22},"end":{"line":40,"column":6}},"14":{"start":{"line":42,"column":22},"end":{"line":42,"column":23}},"15":{"start":{"line":43,"column":22},"end":{"line":43,"column":23}},"16":{"start":{"line":44,"column":45},"end":{"line":44,"column":49}},"17":{"start":{"line":46,"column":4},"end":{"line":67,"column":5}},"18":{"start":{"line":47,"column":6},"end":{"line":51,"column":7}},"19":{"start":{"line":48,"column":8},"end":{"line":48,"column":24}},"20":{"start":{"line":49,"column":8},"end":{"line":49,"column":35}},"21":{"start":{"line":50,"column":8},"end":{"line":50,"column":17}},"22":{"start":{"line":53,"column":28},"end":{"line":53,"column":59}},"23":{"start":{"line":54,"column":6},"end":{"line":61,"column":7}},"24":{"start":{"line":58,"column":8},"end":{"line":58,"column":25}},"25":{"start":{"line":60,"column":8},"end":{"line":60,"column":24}},"26":{"start":{"line":63,"column":6},"end":{"line":63,"column":42}},"27":{"start":{"line":64,"column":6},"end":{"line":66,"column":7}},"28":{"start":{"line":65,"column":8},"end":{"line":65,"column":34}},"29":{"start":{"line":69,"column":4},"end":{"line":69,"column":37}},"30":{"start":{"line":70,"column":4},"end":{"line":70,"column":37}},"31":{"start":{"line":71,"column":4},"end":{"line":71,"column":45}},"32":{"start":{"line":75,"column":19},"end":{"line":77,"column":6}},"33":{"start":{"line":78,"column":4},"end":{"line":80,"column":5}},"34":{"start":{"line":79,"column":6},"end":{"line":79,"column":74}},"35":{"start":{"line":82,"column":22},"end":{"line":84,"column":6}},"36":{"start":{"line":85,"column":4},"end":{"line":89,"column":5}},"37":{"start":{"line":86,"column":6},"end":{"line":88,"column":8}},"38":{"start":{"line":91,"column":21},"end":{"line":94,"column":6}},"39":{"start":{"line":96,"column":21},"end":{"line":96,"column":65}},"40":{"start":{"line":97,"column":4},"end":{"line":97,"column":46}},"41":{"start":{"line":98,"column":4},"end":{"line":98,"column":20}},"42":{"start":{"line":102,"column":18},"end":{"line":104,"column":40}},"43":{"start":{"line":106,"column":4},"end":{"line":110,"column":5}},"44":{"start":{"line":107,"column":6},"end":{"line":109,"column":9}},"45":{"start":{"line":112,"column":4},"end":{"line":114,"column":5}},"46":{"start":{"line":113,"column":6},"end":{"line":113,"column":71}},"47":{"start":{"line":116,"column":4},"end":{"line":118,"column":5}},"48":{"start":{"line":117,"column":6},"end":{"line":117,"column":71}},"49":{"start":{"line":120,"column":4},"end":{"line":120,"column":27}},"50":{"start":{"line":124,"column":21},"end":{"line":124,"column":77}},"51":{"start":{"line":125,"column":4},"end":{"line":127,"column":5}},"52":{"start":{"line":126,"column":6},"end":{"line":126,"column":66}},"53":{"start":{"line":128,"column":4},"end":{"line":128,"column":20}},"54":{"start":{"line":135,"column":21},"end":{"line":135,"column":47}},"55":{"start":{"line":136,"column":4},"end":{"line":136,"column":49}},"56":{"start":{"line":137,"column":4},"end":{"line":137,"column":64}},"57":{"start":{"line":138,"column":4},"end":{"line":138,"column":79}},"58":{"start":{"line":139,"column":4},"end":{"line":139,"column":43}},"59":{"start":{"line":140,"column":4},"end":{"line":140,"column":49}},"60":{"start":{"line":142,"column":21},"end":{"line":142,"column":65}},"61":{"start":{"line":143,"column":4},"end":{"line":143,"column":51}},"62":{"start":{"line":144,"column":4},"end":{"line":144,"column":20}},"63":{"start":{"line":151,"column":21},"end":{"line":151,"column":47}},"64":{"start":{"line":152,"column":4},"end":{"line":152,"column":79}},"65":{"start":{"line":153,"column":4},"end":{"line":153,"column":49}},"66":{"start":{"line":154,"column":4},"end":{"line":154,"column":50}},"67":{"start":{"line":158,"column":21},"end":{"line":158,"column":47}},"68":{"start":{"line":159,"column":4},"end":{"line":159,"column":51}},"69":{"start":{"line":160,"column":4},"end":{"line":160,"column":51}},"70":{"start":{"line":16,"column":13},"end":{"line":16,"column":29}},"71":{"start":{"line":16,"column":13},"end":{"line":162,"column":null}}},"fnMap":{"0":{"name":"(anonymous_4)","decl":{"start":{"line":17,"column":2},"end":{"line":17,"column":null}},"loc":{"start":{"line":21,"column":57},"end":{"line":22,"column":6}}},"1":{"name":"(anonymous_5)","decl":{"start":{"line":24,"column":10},"end":{"line":24,"column":20}},"loc":{"start":{"line":24,"column":34},"end":{"line":27,"column":3}}},"2":{"name":"(anonymous_6)","decl":{"start":{"line":29,"column":10},"end":{"line":29,"column":15}},"loc":{"start":{"line":29,"column":49},"end":{"line":72,"column":3}}},"3":{"name":"(anonymous_7)","decl":{"start":{"line":74,"column":2},"end":{"line":74,"column":7}},"loc":{"start":{"line":74,"column":36},"end":{"line":99,"column":3}}},"4":{"name":"(anonymous_8)","decl":{"start":{"line":101,"column":2},"end":{"line":101,"column":7}},"loc":{"start":{"line":101,"column":41},"end":{"line":121,"column":3}}},"5":{"name":"(anonymous_9)","decl":{"start":{"line":123,"column":2},"end":{"line":123,"column":7}},"loc":{"start":{"line":123,"column":30},"end":{"line":129,"column":3}}},"6":{"name":"(anonymous_10)","decl":{"start":{"line":131,"column":2},"end":{"line":131,"column":7}},"loc":{"start":{"line":133,"column":30},"end":{"line":145,"column":3}}},"7":{"name":"(anonymous_11)","decl":{"start":{"line":147,"column":2},"end":{"line":147,"column":7}},"loc":{"start":{"line":149,"column":37},"end":{"line":155,"column":3}}},"8":{"name":"(anonymous_12)","decl":{"start":{"line":157,"column":2},"end":{"line":157,"column":7}},"loc":{"start":{"line":157,"column":27},"end":{"line":161,"column":3}}}},"branchMap":{"0":{"loc":{"start":{"line":33,"column":4},"end":{"line":35,"column":5}},"type":"if","locations":[{"start":{"line":33,"column":4},"end":{"line":35,"column":5}},{"start":{},"end":{}}]},"1":{"loc":{"start":{"line":47,"column":6},"end":{"line":51,"column":7}},"type":"if","locations":[{"start":{"line":47,"column":6},"end":{"line":51,"column":7}},{"start":{},"end":{}}]},"2":{"loc":{"start":{"line":54,"column":6},"end":{"line":61,"column":7}},"type":"if","locations":[{"start":{"line":54,"column":6},"end":{"line":61,"column":7}},{"start":{"line":59,"column":13},"end":{"line":61,"column":7}}]},"3":{"loc":{"start":{"line":55,"column":8},"end":{"line":56,"column":49}},"type":"binary-expr","locations":[{"start":{"line":55,"column":8},"end":{"line":55,"column":36}},{"start":{"line":56,"column":8},"end":{"line":56,"column":49}}]},"4":{"loc":{"start":{"line":64,"column":6},"end":{"line":66,"column":7}},"type":"if","locations":[{"start":{"line":64,"column":6},"end":{"line":66,"column":7}},{"start":{},"end":{}}]},"5":{"loc":{"start":{"line":78,"column":4},"end":{"line":80,"column":5}},"type":"if","locations":[{"start":{"line":78,"column":4},"end":{"line":80,"column":5}},{"start":{},"end":{}}]},"6":{"loc":{"start":{"line":85,"column":4},"end":{"line":89,"column":5}},"type":"if","locations":[{"start":{"line":85,"column":4},"end":{"line":89,"column":5}},{"start":{},"end":{}}]},"7":{"loc":{"start":{"line":106,"column":4},"end":{"line":110,"column":5}},"type":"if","locations":[{"start":{"line":106,"column":4},"end":{"line":110,"column":5}},{"start":{},"end":{}}]},"8":{"loc":{"start":{"line":112,"column":4},"end":{"line":114,"column":5}},"type":"if","locations":[{"start":{"line":112,"column":4},"end":{"line":114,"column":5}},{"start":{},"end":{}}]},"9":{"loc":{"start":{"line":116,"column":4},"end":{"line":118,"column":5}},"type":"if","locations":[{"start":{"line":116,"column":4},"end":{"line":118,"column":5}},{"start":{},"end":{}}]},"10":{"loc":{"start":{"line":125,"column":4},"end":{"line":127,"column":5}},"type":"if","locations":[{"start":{"line":125,"column":4},"end":{"line":127,"column":5}},{"start":{},"end":{}}]},"11":{"loc":{"start":{"line":136,"column":21},"end":{"line":136,"column":48}},"type":"binary-expr","locations":[{"start":{"line":136,"column":21},"end":{"line":136,"column":30}},{"start":{"line":136,"column":34},"end":{"line":136,"column":48}}]},"12":{"loc":{"start":{"line":137,"column":26},"end":{"line":137,"column":63}},"type":"binary-expr","locations":[{"start":{"line":137,"column":26},"end":{"line":137,"column":40}},{"start":{"line":137,"column":44},"end":{"line":137,"column":63}}]},"13":{"loc":{"start":{"line":138,"column":31},"end":{"line":138,"column":78}},"type":"binary-expr","locations":[{"start":{"line":138,"column":31},"end":{"line":138,"column":50}},{"start":{"line":138,"column":54},"end":{"line":138,"column":78}}]},"14":{"loc":{"start":{"line":139,"column":19},"end":{"line":139,"column":42}},"type":"binary-expr","locations":[{"start":{"line":139,"column":19},"end":{"line":139,"column":26}},{"start":{"line":139,"column":30},"end":{"line":139,"column":42}}]},"15":{"loc":{"start":{"line":140,"column":21},"end":{"line":140,"column":48}},"type":"binary-expr","locations":[{"start":{"line":140,"column":21},"end":{"line":140,"column":30}},{"start":{"line":140,"column":34},"end":{"line":140,"column":48}}]},"16":{"loc":{"start":{"line":152,"column":31},"end":{"line":152,"column":78}},"type":"binary-expr","locations":[{"start":{"line":152,"column":31},"end":{"line":152,"column":50}},{"start":{"line":152,"column":54},"end":{"line":152,"column":78}}]},"17":{"loc":{"start":{"line":153,"column":21},"end":{"line":153,"column":48}},"type":"binary-expr","locations":[{"start":{"line":153,"column":21},"end":{"line":153,"column":30}},{"start":{"line":153,"column":34},"end":{"line":153,"column":48}}]},"18":{"loc":{"start":{"line":19,"column":41},"end":{"line":19,"column":61}},"type":"cond-expr","locations":[{"start":{"line":19,"column":51},"end":{"line":19,"column":61}},{"start":{"line":19,"column":51},"end":{"line":19,"column":61}}]},"19":{"loc":{"start":{"line":19,"column":41},"end":{"line":19,"column":51}},"type":"binary-expr","locations":[{"start":{"line":19,"column":41},"end":{"line":19,"column":61}},{"start":{"line":19,"column":41},"end":{"line":19,"column":51}}]},"20":{"loc":{"start":{"line":19,"column":51},"end":{"line":21,"column":57}},"type":"cond-expr","locations":[{"start":{"line":21,"column":49},"end":{"line":21,"column":57}},{"start":{"line":21,"column":49},"end":{"line":21,"column":57}}]},"21":{"loc":{"start":{"line":19,"column":51},"end":{"line":21,"column":49}},"type":"binary-expr","locations":[{"start":{"line":19,"column":51},"end":{"line":21,"column":57}},{"start":{"line":21,"column":39},"end":{"line":21,"column":49}}]}},"s":{"0":2,"1":2,"2":2,"3":2,"4":2,"5":2,"6":2,"7":2,"8":5,"9":5,"10":4,"11":4,"12":0,"13":4,"14":4,"15":4,"16":4,"17":4,"18":6,"19":1,"20":1,"21":1,"22":5,"23":5,"24":1,"25":4,"26":5,"27":5,"28":5,"29":4,"30":4,"31":4,"32":4,"33":4,"34":1,"35":3,"36":3,"37":1,"38":2,"39":2,"40":2,"41":2,"42":1,"43":1,"44":1,"45":1,"46":1,"47":1,"48":1,"49":1,"50":5,"51":5,"52":1,"53":4,"54":1,"55":1,"56":1,"57":1,"58":1,"59":1,"60":1,"61":1,"62":1,"63":1,"64":1,"65":1,"66":1,"67":1,"68":1,"69":1,"70":2,"71":2},"f":{"0":2,"1":5,"2":4,"3":4,"4":1,"5":5,"6":1,"7":1,"8":1},"b":{"0":[0,4],"1":[1,5],"2":[1,4],"3":[5,1],"4":[5,0],"5":[1,3],"6":[1,2],"7":[1,0],"8":[1,0],"9":[1,0],"10":[1,4],"11":[1,0],"12":[1,0],"13":[1,0],"14":[1,0],"15":[1,0],"16":[1,0],"17":[1,0],"18":[2,0],"19":[2,2],"20":[2,0],"21":[2,2]}}
}
